<?xml  version="1.0" encoding="utf-8" ?>
<beans xmlns="http://www.springframework.org/schema/beans" xmlns:xsi="http://www.w3.org/2001/XMLSchema-instance"
    xsi:schemaLocation="
        http://www.springframework.org/schema/beans
        http://www.springframework.org/schema/beans/spring-beans-3.0.xsd
        ">

    <bean name="testDataSource" class="com.bee32.plover.orm.config.test.TestDataSource" lazy-init="true">
        <qualifier type="com.bee32.plover.inject.qualifier.TestPurpose" />
    </bean>

</beans>
